[2023-08-29 00:59:22] [ INFO ] [Main:17] Sequence init...
[2023-08-29 00:59:22] [ INFO ] [Main:35] Task execution finished
[2023-08-29 01:00:07] [ INFO ] [Main:17] Sequence init...
[2023-08-29 01:00:07] [ INFO ] [Main:49] Persistence Layer: H2 relational database
[2023-08-29 01:00:07] [ INFO ] [DentistDAOH2:34] DENTIST table was created in DB
[2023-08-29 01:00:07] [ INFO ] [DentistDAOH2:60] Data inserted in a table: Ramiro Ranalli
[2023-08-29 01:00:07] [ INFO ] [DentistDAOH2:60] Data inserted in a table: Javier Mascherano
[2023-08-29 01:00:07] [ INFO ] [DentistDAOH2:101] Retrieving data from the database... 
[2023-08-29 01:00:07] [ INFO ] [DentistDAOH2:1511] Dentist: Ramiro Ranalli, License no.: 123456
[2023-08-29 01:00:07] [ INFO ] [DentistDAOH2:1511] Dentist: Javier Mascherano, License no.: 654321
[2023-08-29 01:00:07] [ INFO ] [DentistDAOH2:137] Selecting by id (1) Dentist: Ramiro Ranalli, License no.: 123456
[2023-08-29 01:00:08] [ INFO ] [DentistDAOH2:187] Data DELETED from table by id (1)
[2023-08-29 01:00:08] [ INFO ] [DentistDAOH2:162] Data UPDATED in table by id (2)
[2023-08-29 01:00:08] [ INFO ] [Main:79] Persistence Layer: H2 relational database
[2023-08-29 01:00:08] [ INFO ] [PatientDAOH2:32] PATIENT table was created in DB
[2023-08-29 01:00:08] [ INFO ] [PatientDAOH2:59] Data inserted in a table: Juan Perez
[2023-08-29 01:00:08] [ INFO ] [PatientDAOH2:59] Data inserted in a table: Lola Rodriguez
[2023-08-29 01:00:08] [ INFO ] [PatientDAOH2:102] Retrieving data from the database... 
[2023-08-29 01:00:08] [ INFO ] [PatientDAOH2:1511] Patient: Juan Perez, ni_number: 11223344
[2023-08-29 01:00:08] [ INFO ] [PatientDAOH2:1511] Patient: Lola Rodriguez, ni_number: 93153234
[2023-08-29 01:00:08] [ INFO ] [PatientDAOH2:141] Selecting by id (1) Patient: Juan Perez, ni_number: 11223344
[2023-08-29 01:00:08] [ INFO ] [PatientDAOH2:193] Data DELETED from table by id (1)
[2023-08-29 01:00:08] [ INFO ] [PatientDAOH2:168] Data UPDATED in table by id (2)
[2023-08-29 01:00:08] [ INFO ] [Main:116] Persistence Layer: H2 relational database
[2023-08-29 01:00:08] [ INFO ] [AppointmentDAOH2:34] Appointment table was created in DB
[2023-08-29 01:00:08] [ INFO ] [AppointmentDAOH2:60] Data inserted in a table: Appointment: 11/22/33, Dentist: Lionel Messi, Patient: Lola Rodriguez
[2023-08-29 01:00:08] [ INFO ] [AppointmentDAOH2:104] Retrieving data from the database... 
[2023-08-29 01:00:08] [ INFO ] [AppointmentDAOH2:1511] Appointment: 11/22/33, Dentist: dentist_nameTest dentist_surnameTest, Patient: patient_nameTest patient_surnameTest
[2023-08-29 01:00:09] [ INFO ] [AppointmentDAOH2:143] Selecting by id (1) Appointment: 11/22/33, Dentist: dentist_nameTest dentist_surnameTest, Patient: patient_nameTest patient_surnameTest
[2023-08-29 01:00:09] [ INFO ] [AppointmentDAOH2:168] Data UPDATED in table by id (1)
[2023-08-29 01:00:09] [ INFO ] [Main:149] Persistence Layer: In-Memory
[2023-08-29 01:00:09] [ INFO ] [DentistDAOMemory:30] Data saved in memory: Ramiro Ranalli, license no.: 123456
[2023-08-29 01:00:09] [ INFO ] [DentistDAOMemory:30] Data saved in memory: Javier Mascherano, license no.: 654321
[2023-08-29 01:00:09] [ ERROR] [DentistDAOMemory:25] error, not added, id repeated
[2023-08-29 01:00:09] [ INFO ] [DentistDAOMemory:36] Retrieving data from memory...
[2023-08-29 01:00:09] [ INFO ] [DentistDAOMemory:1511] Dentist: Ramiro Ranalli, License no.: 123456
[2023-08-29 01:00:09] [ INFO ] [DentistDAOMemory:1511] Dentist: Javier Mascherano, License no.: 654321
[2023-08-29 01:00:09] [ INFO ] [DentistDAOMemory:48] Dentist selected by ID: 2. Dentist: Javier Mascherano, License no.: 654321
[2023-08-29 01:00:09] [ INFO ] [Main:169] Persistence Layer: In-Memory
[2023-08-29 01:00:09] [ INFO ] [PatientDAOMemory:29] Data saved in memory: Juan Perez
[2023-08-29 01:00:09] [ INFO ] [PatientDAOMemory:29] Data saved in memory: Lola Rodriguez
[2023-08-29 01:00:09] [ INFO ] [PatientDAOMemory:35] Retrieving data from memory...
[2023-08-29 01:00:09] [ INFO ] [PatientDAOMemory:1511] Patient: Juan Perez, ni_number: 11223344
[2023-08-29 01:00:09] [ INFO ] [PatientDAOMemory:1511] Patient: Lola Rodriguez, ni_number: 93153234
[2023-08-29 01:00:09] [ INFO ] [Main:35] Task execution finished
